2026-05-11 13:25:08,907 - ERROR - Failed to import scraping libraries: No module named 'bs4'
2026-05-11 13:26:06,029 - INFO - Starting analysis for URL: https://www.amazon.jobs/en/jobs/3177897/data-engineer-ii-gtmo-data
2026-05-11 13:26:06,531 - ERROR - BeautifulSoup4 not available, falling back to mock analysis
2026-05-11 13:27:10,195 - INFO - Starting analysis for URL: https://www.sourcingxpress.com/jobs/cJKC0p1tEWi65I?utm_source=linkedin&utm_medium=job_board&utm_campaign=careers_2026
2026-05-11 13:27:10,196 - WARNING - URL from non-standard job site: www.sourcingxpress.com
2026-05-11 13:27:10,696 - ERROR - BeautifulSoup4 not available, falling back to mock analysis
2026-05-11 13:28:54,042 - INFO - Starting analysis for URL: manual_text_entry_1732
2026-05-11 13:28:54,045 - ERROR - URL validation failed: URL must start with http:// or https://
2026-05-11 13:34:18,206 - ERROR - Failed to import scraping libraries: No module named 'bs4'
2026-05-11 13:35:40,969 - INFO - Starting analysis for URL: manual_text_entry_5461
2026-05-11 13:35:40,969 - ERROR - URL validation failed: URL must start with http:// or https://
2026-05-11 13:41:54,518 - ERROR - Scraper libraries not available: No module named 'bs4'
2026-05-11 13:41:54,518 - INFO - Running full validation suite
2026-05-11 13:41:54,518 - INFO - Starting dependency validation
2026-05-11 13:42:01,353 - INFO - Validating analysis functions
2026-05-11 13:42:01,353 - INFO - Validating utils module imports
2026-05-11 13:42:01,357 - INFO - New analysis modules loaded successfully
2026-05-11 13:42:01,358 - ERROR - Failed to import scraping libraries: No module named 'bs4'
2026-05-11 13:47:40,654 - INFO - Running full validation suite
2026-05-11 13:47:40,655 - INFO - Starting dependency validation
2026-05-11 13:47:40,956 - INFO - Validating analysis functions
2026-05-11 13:47:40,956 - INFO - Validating utils module imports
2026-05-11 13:47:40,957 - INFO - New analysis modules loaded successfully
2026-05-11 13:47:40,957 - INFO - BeautifulSoup4 and requests imported successfully
2026-05-11 13:47:40,957 - INFO - All validations passed
2026-05-11 13:47:40,957 - INFO - Startup validation passed
2026-05-11 13:47:49,819 - INFO - Running full validation suite
2026-05-11 13:47:49,820 - INFO - Starting dependency validation
2026-05-11 13:47:49,821 - INFO - Validating analysis functions
2026-05-11 13:47:49,821 - INFO - Validating utils module imports
2026-05-11 13:47:49,822 - INFO - All validations passed
2026-05-11 13:47:49,822 - INFO - Startup validation passed
2026-05-11 13:47:54,937 - INFO - Running full validation suite
2026-05-11 13:47:54,939 - INFO - Starting dependency validation
2026-05-11 13:47:54,939 - INFO - Validating analysis functions
2026-05-11 13:47:54,940 - INFO - Validating utils module imports
2026-05-11 13:47:54,940 - INFO - All validations passed
2026-05-11 13:47:54,940 - INFO - Startup validation passed
2026-05-11 13:47:55,005 - INFO - Running full validation suite
2026-05-11 13:47:55,005 - INFO - Starting dependency validation
2026-05-11 13:47:55,006 - INFO - Validating analysis functions
2026-05-11 13:47:55,006 - INFO - Validating utils module imports
2026-05-11 13:47:55,006 - INFO - All validations passed
2026-05-11 13:47:55,006 - INFO - Startup validation passed
2026-05-11 13:47:55,062 - INFO - Running full validation suite
2026-05-11 13:47:55,063 - INFO - Starting dependency validation
2026-05-11 13:47:55,063 - INFO - Validating analysis functions
2026-05-11 13:47:55,064 - INFO - Validating utils module imports
2026-05-11 13:47:55,064 - INFO - All validations passed
2026-05-11 13:47:55,064 - INFO - Startup validation passed
2026-05-11 13:47:58,177 - INFO - Running full validation suite
2026-05-11 13:47:58,178 - INFO - Starting dependency validation
2026-05-11 13:47:58,178 - INFO - Validating analysis functions
2026-05-11 13:47:58,179 - INFO - Validating utils module imports
2026-05-11 13:47:58,179 - INFO - All validations passed
2026-05-11 13:47:58,179 - INFO - Startup validation passed
2026-05-11 13:47:58,253 - INFO - Running full validation suite
2026-05-11 13:47:58,253 - INFO - Starting dependency validation
2026-05-11 13:47:58,254 - INFO - Validating analysis functions
2026-05-11 13:47:58,254 - INFO - Validating utils module imports
2026-05-11 13:47:58,256 - INFO - All validations passed
2026-05-11 13:47:58,257 - INFO - Startup validation passed
2026-05-11 13:48:43,569 - INFO - Running full validation suite
2026-05-11 13:48:43,570 - INFO - Starting dependency validation
2026-05-11 13:48:43,570 - INFO - Validating analysis functions
2026-05-11 13:48:43,571 - INFO - Validating utils module imports
2026-05-11 13:48:43,571 - INFO - All validations passed
2026-05-11 13:48:43,571 - INFO - Startup validation passed
2026-05-11 13:48:43,687 - INFO - Running full validation suite
2026-05-11 13:48:43,687 - INFO - Starting dependency validation
2026-05-11 13:48:43,688 - INFO - Validating analysis functions
2026-05-11 13:48:43,688 - INFO - Validating utils module imports
2026-05-11 13:48:43,688 - INFO - All validations passed
2026-05-11 13:48:43,688 - INFO - Startup validation passed
2026-05-11 13:48:43,696 - INFO - Starting URL analysis for: https://www.amazon.jobs/en/jobs/10376173/data-engineer-analytics-data-engineering
2026-05-11 13:48:43,697 - INFO - Starting analysis for URL: https://www.amazon.jobs/en/jobs/10376173/data-engineer-analytics-data-engineering
2026-05-11 13:48:44,198 - INFO - Starting to fetch URL: https://www.amazon.jobs/en/jobs/10376173/data-engineer-analytics-data-engineering
2026-05-11 13:48:44,198 - INFO - Making HTTP request to https://www.amazon.jobs/en/jobs/10376173/data-engineer-analytics-data-engineering
2026-05-11 13:48:45,645 - INFO - Successfully fetched 39851 characters from https://www.amazon.jobs/en/jobs/10376173/data-engineer-analytics-data-engineering
2026-05-11 13:48:45,660 - INFO - Title from URL: Data Engineer Analytics Data Engineering
2026-05-11 13:48:45,661 - INFO - Company from og:site_name: Amazon.jobs
2026-05-11 13:48:45,665 - INFO - Job description from selector '[class*='description']': 0 chars
2026-05-11 13:48:45,665 - INFO - Using full page text: 5000 chars
2026-05-11 13:48:45,666 - INFO - Successfully extracted: title='Data Engineer Analytics Data Engineering', company='Amazon.jobs', text_length=5000
2026-05-11 13:48:45,668 - INFO - Extracted 5000 characters of job content
2026-05-11 13:48:59,842 - INFO - Rule-based analysis result: Legit with confidence 0.90
2026-05-11 13:48:59,843 - INFO - Using rule-based analysis results
2026-05-11 13:48:59,844 - INFO - Final analysis result: Legit with 90.0% confidence
2026-05-11 13:49:42,449 - INFO - Running full validation suite
2026-05-11 13:49:42,450 - INFO - Starting dependency validation
2026-05-11 13:49:42,450 - INFO - Validating analysis functions
2026-05-11 13:49:42,450 - INFO - Validating utils module imports
2026-05-11 13:49:42,451 - INFO - All validations passed
2026-05-11 13:49:42,451 - INFO - Startup validation passed
2026-05-11 13:49:49,840 - INFO - Running full validation suite
2026-05-11 13:49:49,840 - INFO - Starting dependency validation
2026-05-11 13:49:49,841 - INFO - Validating analysis functions
2026-05-11 13:49:49,841 - INFO - Validating utils module imports
2026-05-11 13:49:49,841 - INFO - All validations passed
2026-05-11 13:49:49,841 - INFO - Startup validation passed
2026-05-11 13:49:53,246 - INFO - Running full validation suite
2026-05-11 13:49:53,249 - INFO - Starting dependency validation
2026-05-11 13:49:53,250 - INFO - Validating analysis functions
2026-05-11 13:49:53,250 - INFO - Validating utils module imports
2026-05-11 13:49:53,251 - INFO - All validations passed
2026-05-11 13:49:53,252 - INFO - Startup validation passed
2026-05-11 13:49:53,359 - INFO - Running full validation suite
2026-05-11 13:49:53,360 - INFO - Starting dependency validation
2026-05-11 13:49:53,360 - INFO - Validating analysis functions
2026-05-11 13:49:53,360 - INFO - Validating utils module imports
2026-05-11 13:49:53,360 - INFO - All validations passed
2026-05-11 13:49:53,361 - INFO - Startup validation passed
2026-05-11 13:49:53,372 - INFO - Starting manual text analysis for 5794 characters
2026-05-11 13:49:53,373 - INFO - Starting analysis for URL: manual_text_entry_5794
2026-05-11 13:49:53,373 - ERROR - URL validation failed: URL must start with http:// or https://
2026-05-11 13:49:53,374 - INFO - Manual text analysis completed: Legit with 83.0% confidence
2026-05-11 13:50:13,553 - INFO - Running full validation suite
2026-05-11 13:50:13,553 - INFO - Starting dependency validation
2026-05-11 13:50:13,556 - INFO - Validating analysis functions
2026-05-11 13:50:13,556 - INFO - Validating utils module imports
2026-05-11 13:50:13,556 - INFO - All validations passed
2026-05-11 13:50:13,557 - INFO - Startup validation passed
2026-05-11 13:50:13,566 - INFO - Starting URL analysis for: https://www.amazon.jobs/en/jobs/10376173/data-engineer-analytics-data-engineering
2026-05-11 13:50:13,566 - INFO - Starting analysis for URL: https://www.amazon.jobs/en/jobs/10376173/data-engineer-analytics-data-engineering
2026-05-11 13:50:14,068 - INFO - Starting to fetch URL: https://www.amazon.jobs/en/jobs/10376173/data-engineer-analytics-data-engineering
2026-05-11 13:50:14,068 - INFO - Making HTTP request to https://www.amazon.jobs/en/jobs/10376173/data-engineer-analytics-data-engineering
2026-05-11 13:50:15,706 - INFO - Successfully fetched 39851 characters from https://www.amazon.jobs/en/jobs/10376173/data-engineer-analytics-data-engineering
2026-05-11 13:50:15,721 - INFO - Title from URL: Data Engineer Analytics Data Engineering
2026-05-11 13:50:15,721 - INFO - Company from og:site_name: Amazon.jobs
2026-05-11 13:50:15,725 - INFO - Job description from selector '[class*='description']': 0 chars
2026-05-11 13:50:15,726 - INFO - Using full page text: 5000 chars
2026-05-11 13:50:15,726 - INFO - Successfully extracted: title='Data Engineer Analytics Data Engineering', company='Amazon.jobs', text_length=5000
2026-05-11 13:50:15,727 - INFO - Extracted 5000 characters of job content
2026-05-11 13:50:15,728 - INFO - Rule-based analysis result: Legit with confidence 0.90
2026-05-11 13:50:15,728 - INFO - Using rule-based analysis results
2026-05-11 13:50:15,728 - INFO - Final analysis result: Legit with 90.0% confidence
2026-05-11 13:51:03,261 - INFO - Running full validation suite
2026-05-11 13:51:03,265 - INFO - Starting dependency validation
2026-05-11 13:51:03,266 - INFO - Validating analysis functions
2026-05-11 13:51:03,267 - INFO - Validating utils module imports
2026-05-11 13:51:03,267 - INFO - All validations passed
2026-05-11 13:51:03,267 - INFO - Startup validation passed
2026-05-11 13:51:03,278 - INFO - Starting manual text analysis for 5794 characters
2026-05-11 13:51:03,278 - INFO - Starting analysis for URL: manual_text_entry_5794
2026-05-11 13:51:03,278 - ERROR - URL validation failed: URL must start with http:// or https://
2026-05-11 13:51:03,279 - INFO - Manual text analysis completed: Legit with 83.0% confidence
2026-05-11 13:51:52,428 - INFO - Running full validation suite
2026-05-11 13:51:52,428 - INFO - Starting dependency validation
2026-05-11 13:51:52,428 - INFO - Validating analysis functions
2026-05-11 13:51:52,428 - INFO - Validating utils module imports
2026-05-11 13:51:52,429 - INFO - All validations passed
2026-05-11 13:51:52,429 - INFO - Startup validation passed
2026-05-11 13:51:52,527 - INFO - Running full validation suite
2026-05-11 13:51:52,528 - INFO - Starting dependency validation
2026-05-11 13:51:52,528 - INFO - Validating analysis functions
2026-05-11 13:51:52,529 - INFO - Validating utils module imports
2026-05-11 13:51:52,529 - INFO - All validations passed
2026-05-11 13:51:52,529 - INFO - Startup validation passed
2026-05-11 13:51:52,540 - INFO - Starting URL analysis for: https://www.accenture.com/in-en/careers/jobdetails?id=ATCI-5464586-S2003461_en&title=Custom+Software+Engineer
2026-05-11 13:51:52,540 - INFO - Starting analysis for URL: https://www.accenture.com/in-en/careers/jobdetails?id=ATCI-5464586-S2003461_en&title=Custom+Software+Engineer
2026-05-11 13:51:52,540 - WARNING - URL from non-standard job site: www.accenture.com
2026-05-11 13:51:53,042 - INFO - Starting to fetch URL: https://www.accenture.com/in-en/careers/jobdetails?id=ATCI-5464586-S2003461_en&title=Custom+Software+Engineer
2026-05-11 13:51:53,043 - INFO - Making HTTP request to https://www.accenture.com/in-en/careers/jobdetails?id=ATCI-5464586-S2003461_en&title=Custom+Software+Engineer
2026-05-11 13:51:53,605 - INFO - Successfully fetched 165374 characters from https://www.accenture.com/in-en/careers/jobdetails?id=ATCI-5464586-S2003461_en&title=Custom+Software+Engineer
2026-05-11 13:51:53,668 - INFO - Title from URL: 
2026-05-11 13:51:53,668 - INFO - Title from og:title: Custom Software Engineer
2026-05-11 13:51:53,693 - INFO - Company from domain: Accenture
2026-05-11 13:51:53,702 - INFO - Job description from selector '[id*='job-description']': 3033 chars
2026-05-11 13:51:53,703 - INFO - Successfully extracted: title='Custom Software Engineer', company='Accenture', text_length=3033
2026-05-11 13:51:53,704 - INFO - Extracted 3033 characters of job content
2026-05-11 13:51:53,705 - INFO - Rule-based analysis result: Legit with confidence 0.80
2026-05-11 13:51:53,706 - INFO - Using rule-based analysis results
2026-05-11 13:51:53,706 - INFO - Final analysis result: Legit with 80.0% confidence
2026-05-11 13:52:20,539 - INFO - Running full validation suite
2026-05-11 13:52:20,540 - INFO - Starting dependency validation
2026-05-11 13:52:20,541 - INFO - Validating analysis functions
2026-05-11 13:52:20,541 - INFO - Validating utils module imports
2026-05-11 13:52:20,541 - INFO - All validations passed
2026-05-11 13:52:20,542 - INFO - Startup validation passed
2026-05-11 13:52:27,005 - INFO - Running full validation suite
2026-05-11 13:52:27,005 - INFO - Starting dependency validation
2026-05-11 13:52:27,006 - INFO - Validating analysis functions
2026-05-11 13:52:27,006 - INFO - Validating utils module imports
2026-05-11 13:52:27,006 - INFO - All validations passed
2026-05-11 13:52:27,006 - INFO - Startup validation passed
2026-05-11 13:52:44,135 - INFO - Running full validation suite
2026-05-11 13:52:44,136 - INFO - Starting dependency validation
2026-05-11 13:52:44,136 - INFO - Validating analysis functions
2026-05-11 13:52:44,138 - INFO - Validating utils module imports
2026-05-11 13:52:44,138 - INFO - All validations passed
2026-05-11 13:52:44,138 - INFO - Startup validation passed
2026-05-11 13:52:48,413 - INFO - Running full validation suite
2026-05-11 13:52:48,414 - INFO - Starting dependency validation
2026-05-11 13:52:48,415 - INFO - Validating analysis functions
2026-05-11 13:52:48,415 - INFO - Validating utils module imports
2026-05-11 13:52:48,415 - INFO - All validations passed
2026-05-11 13:52:48,415 - INFO - Startup validation passed
2026-05-11 13:52:48,515 - INFO - Running full validation suite
2026-05-11 13:52:48,516 - INFO - Starting dependency validation
2026-05-11 13:52:48,516 - INFO - Validating analysis functions
2026-05-11 13:52:48,516 - INFO - Validating utils module imports
2026-05-11 13:52:48,517 - INFO - All validations passed
2026-05-11 13:52:48,517 - INFO - Startup validation passed
2026-05-11 13:52:48,529 - INFO - Starting manual text analysis for 3039 characters
2026-05-11 13:52:48,530 - INFO - Starting analysis for URL: manual_text_entry_3039
2026-05-11 13:52:48,530 - ERROR - URL validation failed: URL must start with http:// or https://
2026-05-11 13:52:48,531 - INFO - Manual text analysis completed: Legit with 80.0% confidence
2026-05-11 13:53:56,555 - INFO - Running full validation suite
2026-05-11 13:53:56,555 - INFO - Starting dependency validation
2026-05-11 13:53:56,556 - INFO - Validating analysis functions
2026-05-11 13:53:56,556 - INFO - Validating utils module imports
2026-05-11 13:53:56,558 - INFO - All validations passed
2026-05-11 13:53:56,559 - INFO - Startup validation passed
2026-05-11 13:53:56,674 - INFO - Running full validation suite
2026-05-11 13:53:56,675 - INFO - Starting dependency validation
2026-05-11 13:53:56,676 - INFO - Validating analysis functions
2026-05-11 13:53:56,677 - INFO - Validating utils module imports
2026-05-11 13:53:56,678 - INFO - All validations passed
2026-05-11 13:53:56,680 - INFO - Startup validation passed
2026-05-11 13:53:56,698 - INFO - Starting URL analysis for: https://careers-exampletech-demo.com/jobs/junior-data-analyst
2026-05-11 13:53:56,698 - INFO - Starting analysis for URL: https://careers-exampletech-demo.com/jobs/junior-data-analyst
2026-05-11 13:53:56,699 - WARNING - URL from non-standard job site: careers-exampletech-demo.com
2026-05-11 13:53:57,200 - INFO - Starting to fetch URL: https://careers-exampletech-demo.com/jobs/junior-data-analyst
2026-05-11 13:53:57,200 - INFO - Making HTTP request to https://careers-exampletech-demo.com/jobs/junior-data-analyst
2026-05-11 13:53:57,411 - ERROR - Connection error fetching https://careers-exampletech-demo.com/jobs/junior-data-analyst: Connection error: HTTPSConnectionPool(host='careers-exampletech-demo.com', port=443): Max retries exceeded with url: /jobs/junior-data-analyst (Caused by NameResolutionError("HTTPSConnection(host='careers-exampletech-demo.com', port=443): Failed to resolve 'careers-exampletech-demo.com' ([Errno 11001] getaddrinfo failed)"))
2026-05-11 13:53:57,412 - ERROR - Failed to fetch page: Connection error: HTTPSConnectionPool(host='careers-exampletech-demo.com', port=443): Max retries exceeded with url: /jobs/junior-data-analyst (Caused by NameResolutionError("HTTPSConnection(host='careers-exampletech-demo.com', port=443): Failed to resolve 'careers-exampletech-demo.com' ([Errno 11001] getaddrinfo failed)"))
2026-05-11 13:56:17,062 - INFO - Running full validation suite
2026-05-11 13:56:17,062 - INFO - Starting dependency validation
2026-05-11 13:56:17,062 - INFO - Validating analysis functions
2026-05-11 13:56:17,064 - INFO - Validating utils module imports
2026-05-11 13:56:17,065 - INFO - All validations passed
2026-05-11 13:56:17,065 - INFO - Startup validation passed
2026-05-11 13:56:17,143 - INFO - Running full validation suite
2026-05-11 13:56:17,143 - INFO - Starting dependency validation
2026-05-11 13:56:17,144 - INFO - Validating analysis functions
2026-05-11 13:56:17,144 - INFO - Validating utils module imports
2026-05-11 13:56:17,144 - INFO - All validations passed
2026-05-11 13:56:17,145 - INFO - Startup validation passed
2026-05-11 13:56:17,152 - INFO - Starting URL analysis for:  https://careers.techwave.io/jobs/senior-frontend-dev-4821
2026-05-11 13:56:17,152 - INFO - Starting analysis for URL:  https://careers.techwave.io/jobs/senior-frontend-dev-4821
2026-05-11 13:56:17,153 - WARNING - URL from non-standard job site: careers.techwave.io
2026-05-11 13:56:17,654 - INFO - Starting to fetch URL:  https://careers.techwave.io/jobs/senior-frontend-dev-4821
2026-05-11 13:56:17,654 - INFO - Making HTTP request to  https://careers.techwave.io/jobs/senior-frontend-dev-4821
2026-05-11 13:56:17,718 - ERROR - Connection error fetching  https://careers.techwave.io/jobs/senior-frontend-dev-4821: Connection error: HTTPSConnectionPool(host='careers.techwave.io', port=443): Max retries exceeded with url: /jobs/senior-frontend-dev-4821 (Caused by NameResolutionError("HTTPSConnection(host='careers.techwave.io', port=443): Failed to resolve 'careers.techwave.io' ([Errno 11001] getaddrinfo failed)"))
2026-05-11 13:56:17,718 - ERROR - Failed to fetch page: Connection error: HTTPSConnectionPool(host='careers.techwave.io', port=443): Max retries exceeded with url: /jobs/senior-frontend-dev-4821 (Caused by NameResolutionError("HTTPSConnection(host='careers.techwave.io', port=443): Failed to resolve 'careers.techwave.io' ([Errno 11001] getaddrinfo failed)"))
2026-05-11 13:57:53,679 - INFO - Running full validation suite
2026-05-11 13:57:53,679 - INFO - Starting dependency validation
2026-05-11 13:57:53,679 - INFO - Validating analysis functions
2026-05-11 13:57:53,679 - INFO - Validating utils module imports
2026-05-11 13:57:53,680 - INFO - All validations passed
2026-05-11 13:57:53,680 - INFO - Startup validation passed
2026-05-11 13:58:00,878 - INFO - Running full validation suite
2026-05-11 13:58:00,881 - INFO - Starting dependency validation
2026-05-11 13:58:00,882 - INFO - Validating analysis functions
2026-05-11 13:58:00,882 - INFO - Validating utils module imports
2026-05-11 13:58:00,882 - INFO - All validations passed
2026-05-11 13:58:00,882 - INFO - Startup validation passed
2026-05-11 13:58:05,540 - INFO - Running full validation suite
2026-05-11 13:58:05,540 - INFO - Starting dependency validation
2026-05-11 13:58:05,543 - INFO - Validating analysis functions
2026-05-11 13:58:05,543 - INFO - Validating utils module imports
2026-05-11 13:58:05,543 - INFO - All validations passed
2026-05-11 13:58:05,543 - INFO - Startup validation passed
2026-05-11 13:58:05,633 - INFO - Running full validation suite
2026-05-11 13:58:05,634 - INFO - Starting dependency validation
2026-05-11 13:58:05,634 - INFO - Validating analysis functions
2026-05-11 13:58:05,635 - INFO - Validating utils module imports
2026-05-11 13:58:05,635 - INFO - All validations passed
2026-05-11 13:58:05,635 - INFO - Startup validation passed
2026-05-11 13:58:12,916 - INFO - Running full validation suite
2026-05-11 13:58:12,916 - INFO - Starting dependency validation
2026-05-11 13:58:12,917 - INFO - Validating analysis functions
2026-05-11 13:58:12,917 - INFO - Validating utils module imports
2026-05-11 13:58:12,917 - INFO - All validations passed
2026-05-11 13:58:12,917 - INFO - Startup validation passed
2026-05-11 13:58:13,014 - INFO - Running full validation suite
2026-05-11 13:58:13,015 - INFO - Starting dependency validation
2026-05-11 13:58:13,015 - INFO - Validating analysis functions
2026-05-11 13:58:13,016 - INFO - Validating utils module imports
2026-05-11 13:58:13,016 - INFO - All validations passed
2026-05-11 13:58:13,016 - INFO - Startup validation passed
2026-05-11 13:58:13,081 - INFO - Running full validation suite
2026-05-11 13:58:13,082 - INFO - Starting dependency validation
2026-05-11 13:58:13,082 - INFO - Validating analysis functions
2026-05-11 13:58:13,083 - INFO - Validating utils module imports
2026-05-11 13:58:13,084 - INFO - All validations passed
2026-05-11 13:58:13,084 - INFO - Startup validation passed
2026-05-11 13:58:15,213 - INFO - Running full validation suite
2026-05-11 13:58:15,214 - INFO - Starting dependency validation
2026-05-11 13:58:15,216 - INFO - Validating analysis functions
2026-05-11 13:58:15,217 - INFO - Validating utils module imports
2026-05-11 13:58:15,217 - INFO - All validations passed
2026-05-11 13:58:15,218 - INFO - Startup validation passed
2026-05-11 13:58:15,295 - INFO - Running full validation suite
2026-05-11 13:58:15,296 - INFO - Starting dependency validation
2026-05-11 13:58:15,297 - INFO - Validating analysis functions
2026-05-11 13:58:15,297 - INFO - Validating utils module imports
2026-05-11 13:58:15,297 - INFO - All validations passed
2026-05-11 13:58:15,297 - INFO - Startup validation passed
2026-05-11 13:58:38,619 - INFO - Running full validation suite
2026-05-11 13:58:38,619 - INFO - Starting dependency validation
2026-05-11 13:58:38,620 - INFO - Validating analysis functions
2026-05-11 13:58:38,622 - INFO - Validating utils module imports
2026-05-11 13:58:38,622 - INFO - All validations passed
2026-05-11 13:58:38,623 - INFO - Startup validation passed
2026-05-11 13:58:45,819 - INFO - Running full validation suite
2026-05-11 13:58:45,823 - INFO - Starting dependency validation
2026-05-11 13:58:45,823 - INFO - Validating analysis functions
2026-05-11 13:58:45,824 - INFO - Validating utils module imports
2026-05-11 13:58:45,824 - INFO - All validations passed
2026-05-11 13:58:45,824 - INFO - Startup validation passed
2026-05-11 13:59:06,650 - INFO - Running full validation suite
2026-05-11 13:59:06,651 - INFO - Starting dependency validation
2026-05-11 13:59:06,651 - INFO - Validating analysis functions
2026-05-11 13:59:06,651 - INFO - Validating utils module imports
2026-05-11 13:59:06,652 - INFO - All validations passed
2026-05-11 13:59:06,652 - INFO - Startup validation passed
2026-05-11 13:59:06,741 - INFO - Running full validation suite
2026-05-11 13:59:06,742 - INFO - Starting dependency validation
2026-05-11 13:59:06,742 - INFO - Validating analysis functions
2026-05-11 13:59:06,742 - INFO - Validating utils module imports
2026-05-11 13:59:06,743 - INFO - All validations passed
2026-05-11 13:59:06,743 - INFO - Startup validation passed
2026-05-11 13:59:06,757 - INFO - Starting manual text analysis for 355 characters
2026-05-11 13:59:06,758 - INFO - Starting analysis for URL: manual_text_entry_355
2026-05-11 13:59:06,758 - ERROR - URL validation failed: URL must start with http:// or https://
2026-05-11 13:59:06,759 - INFO - Manual text analysis completed: Legit with 80.0% confidence
2026-05-11 13:59:39,809 - INFO - Running full validation suite
2026-05-11 13:59:39,809 - INFO - Starting dependency validation
2026-05-11 13:59:39,809 - INFO - Validating analysis functions
2026-05-11 13:59:39,811 - INFO - Validating utils module imports
2026-05-11 13:59:39,811 - INFO - All validations passed
2026-05-11 13:59:39,813 - INFO - Startup validation passed
2026-05-11 13:59:55,937 - INFO - Running full validation suite
2026-05-11 13:59:55,939 - INFO - Starting dependency validation
2026-05-11 13:59:55,941 - INFO - Validating analysis functions
2026-05-11 13:59:55,941 - INFO - Validating utils module imports
2026-05-11 13:59:55,941 - INFO - All validations passed
2026-05-11 13:59:55,941 - INFO - Startup validation passed
2026-05-11 14:00:15,079 - INFO - Running full validation suite
2026-05-11 14:00:15,081 - INFO - Starting dependency validation
2026-05-11 14:00:15,081 - INFO - Validating analysis functions
2026-05-11 14:00:15,081 - INFO - Validating utils module imports
2026-05-11 14:00:15,082 - INFO - All validations passed
2026-05-11 14:00:15,082 - INFO - Startup validation passed
2026-05-11 14:00:15,192 - INFO - Running full validation suite
2026-05-11 14:00:15,193 - INFO - Starting dependency validation
2026-05-11 14:00:15,193 - INFO - Validating analysis functions
2026-05-11 14:00:15,194 - INFO - Validating utils module imports
2026-05-11 14:00:15,194 - INFO - All validations passed
2026-05-11 14:00:15,195 - INFO - Startup validation passed
2026-05-11 14:00:15,207 - INFO - Starting manual text analysis for 312 characters
2026-05-11 14:00:15,208 - INFO - Starting analysis for URL: manual_text_entry_312
2026-05-11 14:00:15,208 - ERROR - URL validation failed: URL must start with http:// or https://
2026-05-11 14:00:15,208 - INFO - Manual text analysis completed: Legit with 80.0% confidence
2026-05-11 14:01:18,664 - INFO - Running full validation suite
2026-05-11 14:01:18,665 - INFO - Starting dependency validation
2026-05-11 14:01:18,665 - INFO - Validating analysis functions
2026-05-11 14:01:18,665 - INFO - Validating utils module imports
2026-05-11 14:01:18,666 - INFO - All validations passed
2026-05-11 14:01:18,666 - INFO - Startup validation passed
2026-05-11 14:01:30,218 - INFO - Running full validation suite
2026-05-11 14:01:30,220 - INFO - Starting dependency validation
2026-05-11 14:01:30,221 - INFO - Validating analysis functions
2026-05-11 14:01:30,221 - INFO - Validating utils module imports
2026-05-11 14:01:30,221 - INFO - All validations passed
2026-05-11 14:01:30,221 - INFO - Startup validation passed
2026-05-11 14:01:54,577 - INFO - Running full validation suite
2026-05-11 14:01:54,578 - INFO - Starting dependency validation
2026-05-11 14:01:54,578 - INFO - Validating analysis functions
2026-05-11 14:01:54,580 - INFO - Validating utils module imports
2026-05-11 14:01:54,580 - INFO - All validations passed
2026-05-11 14:01:54,580 - INFO - Startup validation passed
2026-05-11 14:01:54,691 - INFO - Running full validation suite
2026-05-11 14:01:54,691 - INFO - Starting dependency validation
2026-05-11 14:01:54,692 - INFO - Validating analysis functions
2026-05-11 14:01:54,692 - INFO - Validating utils module imports
2026-05-11 14:01:54,693 - INFO - All validations passed
2026-05-11 14:01:54,694 - INFO - Startup validation passed
2026-05-11 14:01:54,709 - INFO - Starting manual text analysis for 1605 characters
2026-05-11 14:01:54,709 - INFO - Starting analysis for URL: manual_text_entry_1605
2026-05-11 14:01:54,709 - ERROR - URL validation failed: URL must start with http:// or https://
2026-05-11 14:01:54,710 - INFO - Manual text analysis completed: Legit with 83.0% confidence
2026-05-11 14:03:45,984 - INFO - Running full validation suite
2026-05-11 14:03:45,986 - INFO - Starting dependency validation
2026-05-11 14:03:45,986 - INFO - Validating analysis functions
2026-05-11 14:03:45,986 - INFO - Validating utils module imports
2026-05-11 14:03:45,986 - INFO - All validations passed
2026-05-11 14:03:45,987 - INFO - Startup validation passed
2026-05-11 14:03:46,094 - INFO - Running full validation suite
2026-05-11 14:03:46,094 - INFO - Starting dependency validation
2026-05-11 14:03:46,095 - INFO - Validating analysis functions
2026-05-11 14:03:46,095 - INFO - Validating utils module imports
2026-05-11 14:03:46,095 - INFO - All validations passed
2026-05-11 14:03:46,095 - INFO - Startup validation passed
2026-05-11 14:03:46,103 - INFO - Starting URL analysis for: https://www.youtube.com/watch?v=p22umnbnXGw
2026-05-11 14:03:46,104 - INFO - Starting analysis for URL: https://www.youtube.com/watch?v=p22umnbnXGw
2026-05-11 14:03:46,104 - WARNING - URL from non-standard job site: www.youtube.com
2026-05-11 14:03:46,605 - INFO - Starting to fetch URL: https://www.youtube.com/watch?v=p22umnbnXGw
2026-05-11 14:03:46,605 - INFO - Making HTTP request to https://www.youtube.com/watch?v=p22umnbnXGw
2026-05-11 14:03:48,069 - INFO - Successfully fetched 116559 characters from https://www.youtube.com/watch?v=p22umnbnXGw
2026-05-11 14:03:48,077 - INFO - Title from URL: 
2026-05-11 14:03:48,156 - INFO - Company from domain: Youtube
2026-05-11 14:03:48,178 - INFO - Using full page text: 5000 chars
2026-05-11 14:03:48,178 - INFO - Successfully extracted: title='Unknown Position', company='Youtube', text_length=5000
2026-05-11 14:03:48,180 - INFO - Extracted 5000 characters of job content
2026-05-11 14:03:48,181 - INFO - Rule-based analysis result: Legit with confidence 0.80
2026-05-11 14:03:48,182 - INFO - Using rule-based analysis results
2026-05-11 14:03:48,182 - INFO - Final analysis result: Legit with 80.0% confidence
2026-05-11 14:05:19,301 - INFO - Running full validation suite
2026-05-11 14:05:19,301 - INFO - Starting dependency validation
2026-05-11 14:05:19,609 - INFO - Validating analysis functions
2026-05-11 14:05:19,609 - INFO - Validating utils module imports
2026-05-11 14:05:19,610 - INFO - New analysis modules loaded successfully
2026-05-11 14:05:19,610 - INFO - BeautifulSoup4 and requests imported successfully
2026-05-11 14:05:19,610 - INFO - All validations passed
2026-05-11 14:05:19,610 - INFO - Startup validation passed
2026-05-11 14:05:24,637 - INFO - Running full validation suite
2026-05-11 14:05:24,638 - INFO - Starting dependency validation
2026-05-11 14:05:24,639 - INFO - Validating analysis functions
2026-05-11 14:05:24,639 - INFO - Validating utils module imports
2026-05-11 14:05:24,639 - INFO - All validations passed
2026-05-11 14:05:24,639 - INFO - Startup validation passed
2026-05-11 14:05:28,097 - INFO - Running full validation suite
2026-05-11 14:05:28,097 - INFO - Starting dependency validation
2026-05-11 14:05:28,097 - INFO - Validating analysis functions
2026-05-11 14:05:28,097 - INFO - Validating utils module imports
2026-05-11 14:05:28,098 - INFO - All validations passed
2026-05-11 14:05:28,098 - INFO - Startup validation passed
2026-05-11 14:05:28,180 - INFO - Running full validation suite
2026-05-11 14:05:28,181 - INFO - Starting dependency validation
2026-05-11 14:05:28,181 - INFO - Validating analysis functions
2026-05-11 14:05:28,181 - INFO - Validating utils module imports
2026-05-11 14:05:28,181 - INFO - All validations passed
2026-05-11 14:05:28,181 - INFO - Startup validation passed
2026-05-11 14:05:36,224 - INFO - Running full validation suite
2026-05-11 14:05:36,226 - INFO - Starting dependency validation
2026-05-11 14:05:36,227 - INFO - Validating analysis functions
2026-05-11 14:05:36,227 - INFO - Validating utils module imports
2026-05-11 14:05:36,227 - INFO - All validations passed
2026-05-11 14:05:36,227 - INFO - Startup validation passed
2026-05-11 14:05:36,365 - INFO - Running full validation suite
2026-05-11 14:05:36,365 - INFO - Starting dependency validation
2026-05-11 14:05:36,366 - INFO - Validating analysis functions
2026-05-11 14:05:36,366 - INFO - Validating utils module imports
2026-05-11 14:05:36,367 - INFO - All validations passed
2026-05-11 14:05:36,367 - INFO - Startup validation passed
2026-05-11 14:05:36,437 - INFO - Running full validation suite
2026-05-11 14:05:36,438 - INFO - Starting dependency validation
2026-05-11 14:05:36,438 - INFO - Validating analysis functions
2026-05-11 14:05:36,439 - INFO - Validating utils module imports
2026-05-11 14:05:36,439 - INFO - All validations passed
2026-05-11 14:05:36,439 - INFO - Startup validation passed
2026-05-11 14:05:37,795 - INFO - Running full validation suite
2026-05-11 14:05:37,795 - INFO - Starting dependency validation
2026-05-11 14:05:37,795 - INFO - Validating analysis functions
2026-05-11 14:05:37,796 - INFO - Validating utils module imports
2026-05-11 14:05:37,796 - INFO - All validations passed
2026-05-11 14:05:37,796 - INFO - Startup validation passed
2026-05-11 14:05:37,874 - INFO - Running full validation suite
2026-05-11 14:05:37,875 - INFO - Starting dependency validation
2026-05-11 14:05:37,875 - INFO - Validating analysis functions
2026-05-11 14:05:37,878 - INFO - Validating utils module imports
2026-05-11 14:05:37,878 - INFO - All validations passed
2026-05-11 14:05:37,878 - INFO - Startup validation passed
2026-05-11 14:06:03,191 - INFO - Running full validation suite
2026-05-11 14:06:03,193 - INFO - Starting dependency validation
2026-05-11 14:06:03,193 - INFO - Validating analysis functions
2026-05-11 14:06:03,194 - INFO - Validating utils module imports
2026-05-11 14:06:03,194 - INFO - All validations passed
2026-05-11 14:06:03,195 - INFO - Startup validation passed
2026-05-11 14:06:24,955 - INFO - Running full validation suite
2026-05-11 14:06:24,959 - INFO - Starting dependency validation
2026-05-11 14:06:24,960 - INFO - Validating analysis functions
2026-05-11 14:06:24,960 - INFO - Validating utils module imports
2026-05-11 14:06:24,960 - INFO - All validations passed
2026-05-11 14:06:24,960 - INFO - Startup validation passed
2026-05-11 14:06:37,678 - INFO - Running full validation suite
2026-05-11 14:06:37,680 - INFO - Starting dependency validation
2026-05-11 14:06:37,680 - INFO - Validating analysis functions
2026-05-11 14:06:37,681 - INFO - Validating utils module imports
2026-05-11 14:06:37,681 - INFO - All validations passed
2026-05-11 14:06:37,681 - INFO - Startup validation passed
2026-05-11 14:06:37,752 - INFO - Running full validation suite
2026-05-11 14:06:37,753 - INFO - Starting dependency validation
2026-05-11 14:06:37,753 - INFO - Validating analysis functions
2026-05-11 14:06:37,753 - INFO - Validating utils module imports
2026-05-11 14:06:37,754 - INFO - All validations passed
2026-05-11 14:06:37,754 - INFO - Startup validation passed
2026-05-11 14:06:37,766 - INFO - Starting manual text analysis for 1606 characters
2026-05-11 14:06:37,767 - INFO - Starting analysis for URL: manual_text_entry_1606
2026-05-11 14:06:37,768 - ERROR - URL validation failed: URL must start with http:// or https://
2026-05-11 14:06:37,768 - INFO - Manual text analysis completed: Legit with 83.0% confidence
2026-05-11 14:09:30,171 - INFO - Running full validation suite
2026-05-11 14:09:30,172 - INFO - Starting dependency validation
2026-05-11 14:09:30,173 - INFO - Validating analysis functions
2026-05-11 14:09:30,174 - INFO - Validating utils module imports
2026-05-11 14:09:30,174 - INFO - All validations passed
2026-05-11 14:09:30,175 - INFO - Startup validation passed
2026-05-11 14:09:54,969 - INFO - Running full validation suite
2026-05-11 14:09:54,971 - INFO - Starting dependency validation
2026-05-11 14:09:54,972 - INFO - Validating analysis functions
2026-05-11 14:09:54,972 - INFO - Validating utils module imports
2026-05-11 14:09:54,972 - INFO - All validations passed
2026-05-11 14:09:54,973 - INFO - Startup validation passed
2026-05-11 14:10:06,253 - INFO - Running full validation suite
2026-05-11 14:10:06,254 - INFO - Starting dependency validation
2026-05-11 14:10:06,254 - INFO - Validating analysis functions
2026-05-11 14:10:06,254 - INFO - Validating utils module imports
2026-05-11 14:10:06,254 - INFO - All validations passed
2026-05-11 14:10:06,255 - INFO - Startup validation passed
2026-05-11 14:10:06,382 - INFO - Running full validation suite
2026-05-11 14:10:06,383 - INFO - Starting dependency validation
2026-05-11 14:10:06,383 - INFO - Validating analysis functions
2026-05-11 14:10:06,383 - INFO - Validating utils module imports
2026-05-11 14:10:06,384 - INFO - All validations passed
2026-05-11 14:10:06,384 - INFO - Startup validation passed
2026-05-11 14:10:06,396 - INFO - Starting manual text analysis for 1364 characters
2026-05-11 14:10:06,396 - INFO - Starting analysis for URL: manual_text_entry_1364
2026-05-11 14:10:06,397 - ERROR - URL validation failed: URL must start with http:// or https://
2026-05-11 14:10:06,397 - INFO - Manual text analysis completed: Fraud with 98.0% confidence
2026-05-11 14:11:22,234 - INFO - Running full validation suite
2026-05-11 14:11:22,235 - INFO - Starting dependency validation
2026-05-11 14:11:22,235 - INFO - Validating analysis functions
2026-05-11 14:11:22,235 - INFO - Validating utils module imports
2026-05-11 14:11:22,236 - INFO - All validations passed
2026-05-11 14:11:22,236 - INFO - Startup validation passed
2026-05-11 14:11:22,318 - INFO - Running full validation suite
2026-05-11 14:11:22,318 - INFO - Starting dependency validation
2026-05-11 14:11:22,318 - INFO - Validating analysis functions
2026-05-11 14:11:22,319 - INFO - Validating utils module imports
2026-05-11 14:11:22,319 - INFO - All validations passed
2026-05-11 14:11:22,319 - INFO - Startup validation passed
2026-05-11 14:11:22,328 - INFO - Starting URL analysis for: https://globalearnsolutions.net/jobs/apply-now-2024
2026-05-11 14:11:22,328 - INFO - Starting analysis for URL: https://globalearnsolutions.net/jobs/apply-now-2024
2026-05-11 14:11:22,329 - WARNING - URL from non-standard job site: globalearnsolutions.net
2026-05-11 14:11:22,832 - INFO - Starting to fetch URL: https://globalearnsolutions.net/jobs/apply-now-2024
2026-05-11 14:11:22,833 - INFO - Making HTTP request to https://globalearnsolutions.net/jobs/apply-now-2024
2026-05-11 14:11:22,847 - ERROR - Connection error fetching https://globalearnsolutions.net/jobs/apply-now-2024: Connection error: HTTPSConnectionPool(host='globalearnsolutions.net', port=443): Max retries exceeded with url: /jobs/apply-now-2024 (Caused by NameResolutionError("HTTPSConnection(host='globalearnsolutions.net', port=443): Failed to resolve 'globalearnsolutions.net' ([Errno 11001] getaddrinfo failed)"))
2026-05-11 14:11:22,848 - ERROR - Failed to fetch page: Connection error: HTTPSConnectionPool(host='globalearnsolutions.net', port=443): Max retries exceeded with url: /jobs/apply-now-2024 (Caused by NameResolutionError("HTTPSConnection(host='globalearnsolutions.net', port=443): Failed to resolve 'globalearnsolutions.net' ([Errno 11001] getaddrinfo failed)"))
